<testsuites id="" name="" tests="3" failures="0" skipped="0" errors="0" time="11.54188">
<testsuite name="Reporters.spec.js" timestamp="2024-06-12T17:47:22.233Z" hostname="chromium" tests="3" failures="0" skipped="0" time="13.648" errors="0">
<testcase name="Test1" classname="Reporters.spec.js" time="5.969">
</testcase>
<testcase name="Test2" classname="Reporters.spec.js" time="5.937">
</testcase>
<testcase name="Test3" classname="Reporters.spec.js" time="1.742">
</testcase>
</testsuite>
</testsuites>